<?xml version="1.0" encoding="UTF-8"?>
<testng-results skipped="0" failed="0" ignored="0" total="1" passed="1">
  <reporter-output>
  </reporter-output>
  <suite name="Suite" duration-ms="10919" started-at="2019-02-28T04:36:28Z" finished-at="2019-02-28T04:36:39Z">
    <groups>
    </groups>
    <test name="Test" duration-ms="10919" started-at="2019-02-28T04:36:28Z" finished-at="2019-02-28T04:36:39Z">
      <class name="Runner.Smoke">
        <test-method status="PASS" signature="openBrowser()[pri:0, instance:Runner.Smoke@1753acfe]" name="openBrowser" is-config="true" duration-ms="8039" started-at="2019-02-27T23:36:20Z" finished-at="2019-02-27T23:36:28Z">
          <reporter-output>
          </reporter-output>
        </test-method> <!-- openBrowser -->
        <test-method status="PASS" signature="sam()[pri:0, instance:Runner.Smoke@1753acfe]" name="sam" duration-ms="10871" started-at="2019-02-27T23:36:28Z" finished-at="2019-02-27T23:36:39Z">
          <reporter-output>
          </reporter-output>
        </test-method> <!-- sam -->
        <test-method status="PASS" signature="tearDown()[pri:0, instance:Runner.Smoke@1753acfe]" name="tearDown" is-config="true" duration-ms="3004" started-at="2019-02-27T23:36:39Z" finished-at="2019-02-27T23:36:42Z">
          <reporter-output>
          </reporter-output>
        </test-method> <!-- tearDown -->
      </class> <!-- Runner.Smoke -->
    </test> <!-- Test -->
  </suite> <!-- Suite -->
</testng-results>
